<?xml version="1.0" encoding="UTF-8"?>
<testsuite name="com.muyeedahmed.exlexp.CalculateRollingTrendUseCaseTest" tests="2" skipped="0" failures="0" errors="0" timestamp="2026-09-05T16:09:10" hostname="MacBookAir.fios-router.home" time="0.018">
  <properties/>
  <testcase name="testCategoryDistributionForMonth" classname="com.muyeedahmed.exlexp.CalculateRollingTrendUseCaseTest" time="0.007"/>
  <testcase name="test12MonthTrendCalculationsAndExclusions" classname="com.muyeedahmed.exlexp.CalculateRollingTrendUseCaseTest" time="0.011"/>
  <system-out><![CDATA[]]></system-out>
  <system-err><![CDATA[]]></system-err>
</testsuite>
