<?xml version="1.0" encoding="UTF-8"?>
<testsuite name="com.muyeedahmed.exlexp.DualLegTransferUseCaseTest" tests="2" skipped="0" failures="0" errors="0" timestamp="2026-09-05T16:09:10" hostname="MacBookAir.fios-router.home" time="0.004">
  <properties/>
  <testcase name="testTransferToCreditCardBillPay" classname="com.muyeedahmed.exlexp.DualLegTransferUseCaseTest" time="0.003"/>
  <testcase name="testTransferDepositToDeposit" classname="com.muyeedahmed.exlexp.DualLegTransferUseCaseTest" time="0.001"/>
  <system-out><![CDATA[]]></system-out>
  <system-err><![CDATA[]]></system-err>
</testsuite>
