<?xml version="1.0" encoding="UTF-8"?>
<testsuite name="com.muyeedahmed.exlexp.CalculateCreditAgeUseCaseTest" tests="2" skipped="0" failures="0" errors="0" timestamp="2026-09-05T16:09:10" hostname="MacBookAir.fios-router.home" time="0.005">
  <properties/>
  <testcase name="testCreditAgeCalculation" classname="com.muyeedahmed.exlexp.CalculateCreditAgeUseCaseTest" time="0.005"/>
  <testcase name="testAverageCreditAgeExcludesClosedCards" classname="com.muyeedahmed.exlexp.CalculateCreditAgeUseCaseTest" time="0.0"/>
  <system-out><![CDATA[]]></system-out>
  <system-err><![CDATA[]]></system-err>
</testsuite>
