<?xml version="1.0" encoding="UTF-8"?>
<testsuite name="com.muyeedahmed.exlexp.ParseZelleDetailsUseCaseTest" tests="3" skipped="0" failures="0" errors="0" timestamp="2026-09-05T16:09:10" hostname="MacBookAir.fios-router.home" time="0.006">
  <properties/>
  <testcase name="testFormatZelleSendingMoney" classname="com.muyeedahmed.exlexp.ParseZelleDetailsUseCaseTest" time="0.004"/>
  <testcase name="testFormatZelleReceivingMoneyWithoutMemo" classname="com.muyeedahmed.exlexp.ParseZelleDetailsUseCaseTest" time="0.0"/>
  <testcase name="testReverseRegexParsing" classname="com.muyeedahmed.exlexp.ParseZelleDetailsUseCaseTest" time="0.002"/>
  <system-out><![CDATA[]]></system-out>
  <system-err><![CDATA[]]></system-err>
</testsuite>
